<?xml version="1.0" encoding="UTF-8"?>
<testsuite xmlns:xsi="http://www.w3.org/2001/XMLSchema-instance" xsi:noNamespaceSchemaLocation="https://maven.apache.org/surefire/maven-surefire-plugin/xsd/surefire-test-report.xsd" version="3.0.2" name="com.kawuxing.game.score.UrgeScoreTest" time="0.005" tests="8" errors="0" skipped="0" failures="0">
  <properties>
[...]
</properties>
  <testcase name="urge_10th_plus6" classname="com.kawuxing.game.score.UrgeScoreTest" time="0.0"/>
  <testcase name="urge_1st_minus1" classname="com.kawuxing.game.score.UrgeScoreTest" time="0.0"/>
  <testcase name="urge_5th_plus4" classname="com.kawuxing.game.score.UrgeScoreTest" time="0.001"/>
  <testcase name="urge_7th_plus6" classname="com.kawuxing.game.score.UrgeScoreTest" time="0.0"/>
  <testcase name="urge_3rd_plus1" classname="com.kawuxing.game.score.UrgeScoreTest" time="0.0"/>
  <testcase name="urge_4th_plus2" classname="com.kawuxing.game.score.UrgeScoreTest" time="0.001"/>
  <testcase name="urge_6th_plus6" classname="com.kawuxing.game.score.UrgeScoreTest" time="0.0"/>
  <testcase name="urge_2nd_zero" classname="com.kawuxing.game.score.UrgeScoreTest" time="0.0"/>
</testsuite>